time="2023-03-15T10:23:13+03:00" level=info msg="create config" func="main.main()" file="app.go:19"
time="2023-03-15T10:23:13+03:00" level=info msg="read application configuration" func="app/internal/config.GetConfig.func1()" file="config.go:33"
time="2023-03-15T10:23:13+03:00" level=info msg="register author handler" func="main.main()" file="app.go:24"
time="2023-03-15T10:23:13+03:00" level=info msg="start application" func="main.start()" file="app.go:33"
time="2023-03-15T10:23:13+03:00" level=info msg="listen tcp" func="main.start()" file="app.go:51"
time="2023-03-15T10:23:13+03:00" level=info msg="server is listening port 0.0.0.0:10000" func="main.start()" file="app.go:53"
time="2023-03-15T10:28:22+03:00" level=info msg="create config" func="main.main()" file="app.go:19"
time="2023-03-15T10:28:22+03:00" level=info msg="read application configuration" func="app/internal/config.GetConfig.func1()" file="config.go:33"
time="2023-03-15T10:28:22+03:00" level=info msg="register author handler" func="main.main()" file="app.go:24"
time="2023-03-15T10:28:22+03:00" level=info msg="start application" func="main.start()" file="app.go:33"
time="2023-03-15T10:28:22+03:00" level=info msg="listen tcp" func="main.start()" file="app.go:51"
time="2023-03-15T10:28:22+03:00" level=info msg="server is listening port 0.0.0.0:10000" func="main.start()" file="app.go:53"
time="2023-03-15T10:37:32+03:00" level=info msg="create config" func="main.main()" file="app.go:19"
time="2023-03-15T10:37:32+03:00" level=info msg="read application configuration" func="app/internal/config.GetConfig.func1()" file="config.go:33"
time="2023-03-15T10:37:32+03:00" level=info msg="register author handler" func="main.main()" file="app.go:24"
time="2023-03-15T10:37:32+03:00" level=info msg="start application" func="main.start()" file="app.go:33"
time="2023-03-15T10:37:32+03:00" level=info msg="listen tcp" func="main.start()" file="app.go:51"
time="2023-03-15T10:37:32+03:00" level=info msg="server is listening port 0.0.0.0:10000" func="main.start()" file="app.go:53"
time="2023-03-15T13:42:58+03:00" level=info msg="create config" func="main.main()" file="app.go:19"
time="2023-03-15T13:42:58+03:00" level=info msg="read application configuration" func="app/internal/config.GetConfig.func1()" file="config.go:33"
time="2023-03-15T13:42:58+03:00" level=info msg="register author handler" func="main.main()" file="app.go:24"
time="2023-03-15T13:42:58+03:00" level=info msg="start application" func="main.start()" file="app.go:33"
time="2023-03-15T13:42:58+03:00" level=info msg="listen tcp" func="main.start()" file="app.go:51"
time="2023-03-15T13:42:58+03:00" level=info msg="server is listening port 0.0.0.0:10000" func="main.start()" file="app.go:53"
time="2023-03-15T13:44:29+03:00" level=info msg="create config" func="main.main()" file="app.go:19"
time="2023-03-15T13:44:29+03:00" level=info msg="read application configuration" func="app/internal/config.GetConfig.func1()" file="config.go:33"
time="2023-03-15T13:44:29+03:00" level=info msg="register author handler" func="main.main()" file="app.go:24"
time="2023-03-15T13:44:29+03:00" level=info msg="start application" func="main.start()" file="app.go:33"
time="2023-03-15T13:44:29+03:00" level=info msg="detect app path" func="main.start()" file="app.go:39"
time="2023-03-15T13:44:29+03:00" level=info msg="create socket" func="main.start()" file="app.go:44"
time="2023-03-15T13:44:29+03:00" level=info msg="listen unix socket" func="main.start()" file="app.go:47"
time="2023-03-15T13:44:29+03:00" level=info msg="server is listening unix socket: /private/var/folders/h6/1271d6_12j351tfhzvfcb4400000gn/T/GoLand/app.sock" func="main.start()" file="app.go:49"
time="2023-03-15T13:46:50+03:00" level=info msg="create config" func="main.main()" file="app.go:19"
time="2023-03-15T13:46:50+03:00" level=info msg="read application configuration" func="app/internal/config.GetConfig.func1()" file="config.go:33"
time="2023-03-15T13:46:50+03:00" level=info msg="register author handler" func="main.main()" file="app.go:24"
time="2023-03-15T13:46:50+03:00" level=info msg="start application" func="main.start()" file="app.go:33"
time="2023-03-15T13:46:50+03:00" level=info msg="detect app path" func="main.start()" file="app.go:39"
time="2023-03-15T13:46:50+03:00" level=info msg="create socket" func="main.start()" file="app.go:44"
time="2023-03-15T13:46:50+03:00" level=info msg="listen unix socket" func="main.start()" file="app.go:47"
time="2023-03-15T13:46:50+03:00" level=info msg="server is listening unix socket: /Users/konstantin/go/src/github.com/Konstant1nov1ch/pet/app/build/app.sock" func="main.start()" file="app.go:49"
